<?xml version="1.0" encoding="UTF-8"?>
<testsuite name="com.example.about_theme_domain.GetThemeMetricImlTest" tests="1" skipped="0" failures="0" errors="0" timestamp="2024-01-08T21:49:34" hostname="LINA" time="0.177">
  <properties/>
  <testcase name="addition_isCorrect" classname="com.example.about_theme_domain.GetThemeMetricImlTest" time="0.177"/>
  <system-out><![CDATA[]]></system-out>
  <system-err><![CDATA[]]></system-err>
</testsuite>
